This file contains any messages produced by compilers while
running configure, to aid debugging if configure makes a mistake.

It was created by configure, which was
generated by GNU Autoconf 2.53.  Invocation command line was

  $ ./configure 

## --------- ##
## Platform. ##
## --------- ##

hostname = sh-c-20.cortina-access.com
uname -m = x86_64
uname -r = 2.6.32-642.3.1.el6.x86_64
uname -s = Linux
uname -v = #1 SMP Tue Jul 12 18:30:56 UTC 2016

/usr/bin/uname -p = unknown
/bin/uname -X     = unknown

/bin/arch              = x86_64
/usr/bin/arch -k       = unknown
/usr/convex/getsysinfo = unknown
hostinfo               = unknown
/bin/machine           = unknown
/usr/bin/oslevel       = unknown
/bin/universe          = unknown

PATH: /usr/lib64/qt-3.3/bin
PATH: /usr/local/bin
PATH: /bin
PATH: /usr/bin
PATH: /usr/local/sbin
PATH: /usr/sbin
PATH: /sbin
PATH: /home/pchen/bin
PATH: /auto/project2/sw/toolchains/rlxlinux/bin
PATH: /auto/project2/sw/toolchains/gcc-linaro-4.9-2014.11-x86_64_aarch64-elf/bin
PATH: /auto/project2/sw/toolchains/rsdk-4.4.7-5281-EL-rtos-n2.1-m32ut-150702/bin
PATH: /home/pchen/HiKey-16.06/gcc-linaro-5.3-2016.02-x86_64_aarch64-linux-gnu/bin


## ----------- ##
## Core tests. ##
## ----------- ##

configure:1247: checking for gcc
configure:1263: found /usr/bin/gcc
configure:1273: result: gcc
configure:1517: checking for C compiler version
configure:1520: gcc --version </dev/null >&5
gcc (GCC) 4.4.7 20120313 (Red Hat 4.4.7-23)
Copyright (C) 2010 Free Software Foundation, Inc.
This is free software; see the source for copying conditions.  There is NO
warranty; not even for MERCHANTABILITY or FITNESS FOR A PARTICULAR PURPOSE.

configure:1523: $? = 0
configure:1525: gcc -v </dev/null >&5
Using built-in specs.
Target: x86_64-redhat-linux
Configured with: ../configure --prefix=/usr --mandir=/usr/share/man --infodir=/usr/share/info --with-bugurl=http://bugzilla.redhat.com/bugzilla --enable-bootstrap --enable-shared --enable-threads=posix --enable-checking=release --with-system-zlib --enable-__cxa_atexit --disable-libunwind-exceptions --enable-gnu-unique-object --enable-languages=c,c++,objc,obj-c++,java,fortran,ada --enable-java-awt=gtk --disable-dssi --with-java-home=/usr/lib/jvm/java-1.5.0-gcj-1.5.0.0/jre --enable-libgcj-multifile --enable-java-maintainer-mode --with-ecj-jar=/usr/share/java/eclipse-ecj.jar --disable-libjava-multilib --with-ppl --with-cloog --with-tune=generic --with-arch_32=i686 --build=x86_64-redhat-linux
Thread model: posix
gcc version 4.4.7 20120313 (Red Hat 4.4.7-23) (GCC) 
configure:1528: $? = 0
configure:1530: gcc -V </dev/null >&5
gcc: '-V' option must have argument
configure:1533: $? = 1
configure:1559: checking for C compiler default output
configure:1562: gcc    conftest.c  >&5
configure:1565: $? = 0
configure:1598: result: a.out
configure:1603: checking whether the C compiler works
configure:1609: ./a.out
configure:1612: $? = 0
configure:1627: result: yes
configure:1634: checking whether we are cross compiling
configure:1636: result: no
configure:1639: checking for suffix of executables
configure:1641: gcc -o conftest    conftest.c  >&5
configure:1644: $? = 0
configure:1666: result: 
configure:1672: checking for suffix of object files
configure:1696: gcc -c   conftest.c >&5
configure:1699: $? = 0
configure:1718: result: o
configure:1722: checking whether we are using the GNU C compiler
configure:1749: gcc -c   conftest.c >&5
configure:1752: $? = 0
configure:1755: test -s conftest.o
configure:1758: $? = 0
configure:1770: result: yes
configure:1776: checking whether gcc accepts -g
configure:1800: gcc -c -g  conftest.c >&5
configure:1803: $? = 0
configure:1806: test -s conftest.o
configure:1809: $? = 0
configure:1819: result: yes
configure:1846: gcc -c -g -O2  conftest.c >&5
conftest.c:2: error: expected '=', ',', ';', 'asm' or '__attribute__' before 'me'
configure:1849: $? = 1
configure: failed program was:
#ifndef __cplusplus
  choke me
#endif
configure:1996: checking for a BSD-compatible install
configure:2050: result: /usr/bin/install -c
configure:2102: checking for ranlib
configure:2118: found /usr/bin/ranlib
configure:2129: result: ranlib
configure:2148: checking how to run the C preprocessor
configure:2174: gcc -E  conftest.c
configure:2180: $? = 0
configure:2207: gcc -E  conftest.c
configure:2203:28: error: ac_nonexistent.h: No such file or directory
configure:2213: $? = 1
configure: failed program was:
#line 2202 "configure"
#include "confdefs.h"
#include <ac_nonexistent.h>
configure:2250: result: gcc -E
configure:2265: gcc -E  conftest.c
configure:2271: $? = 0
configure:2298: gcc -E  conftest.c
configure:2294:28: error: ac_nonexistent.h: No such file or directory
configure:2304: $? = 1
configure: failed program was:
#line 2293 "configure"
#include "confdefs.h"
#include <ac_nonexistent.h>
configure:2344: checking for X
configure:2446: gcc -E  conftest.c
configure:2452: $? = 0
configure:2503: gcc -o conftest -g -O2   conftest.c -lXt  >&5
configure:2506: $? = 0
configure:2509: test -s conftest
configure:2512: $? = 0
configure:2560: result: libraries , headers 
configure:2717: gcc -o conftest -g -O2   conftest.c   -lX11 >&5
configure:2720: $? = 0
configure:2723: test -s conftest
configure:2726: $? = 0
configure:2864: checking for gethostbyname
configure:2907: gcc -o conftest -g -O2   conftest.c  >&5
configure:2910: $? = 0
configure:2913: test -s conftest
configure:2916: $? = 0
configure:2926: result: yes
configure:3059: checking for connect
configure:3102: gcc -o conftest -g -O2   conftest.c  >&5
configure:3105: $? = 0
configure:3108: test -s conftest
configure:3111: $? = 0
configure:3121: result: yes
configure:3187: checking for remove
configure:3230: gcc -o conftest -g -O2   conftest.c  >&5
configure:3233: $? = 0
configure:3236: test -s conftest
configure:3239: $? = 0
configure:3249: result: yes
configure:3315: checking for shmat
configure:3358: gcc -o conftest -g -O2   conftest.c  >&5
configure:3361: $? = 0
configure:3364: test -s conftest
configure:3367: $? = 0
configure:3377: result: yes
configure:3452: checking for IceConnectionNumber in -lICE
configure:3485: gcc -o conftest -g -O2   conftest.c -lICE   >&5
configure:3488: $? = 0
configure:3491: test -s conftest
configure:3494: $? = 0
configure:3505: result: yes
configure:3515: checking for ANSI C header files
configure:3529: gcc -E  conftest.c
configure:3535: $? = 0
configure:3622: gcc -o conftest -g -O2   conftest.c  >&5
configure: In function 'main':
configure:3613: warning: incompatible implicit declaration of built-in function 'exit'
configure:3625: $? = 0
configure:3627: ./conftest
configure:3630: $? = 0
configure:3644: result: yes
configure:3668: checking for sys/types.h
configure:3681: gcc -c -g -O2  conftest.c >&5
configure:3684: $? = 0
configure:3687: test -s conftest.o
configure:3690: $? = 0
configure:3700: result: yes
configure:3668: checking for sys/stat.h
configure:3681: gcc -c -g -O2  conftest.c >&5
configure:3684: $? = 0
configure:3687: test -s conftest.o
configure:3690: $? = 0
configure:3700: result: yes
configure:3668: checking for stdlib.h
configure:3681: gcc -c -g -O2  conftest.c >&5
configure:3684: $? = 0
configure:3687: test -s conftest.o
configure:3690: $? = 0
configure:3700: result: yes
configure:3668: checking for string.h
configure:3681: gcc -c -g -O2  conftest.c >&5
configure:3684: $? = 0
configure:3687: test -s conftest.o
configure:3690: $? = 0
configure:3700: result: yes
configure:3668: checking for memory.h
configure:3681: gcc -c -g -O2  conftest.c >&5
configure:3684: $? = 0
configure:3687: test -s conftest.o
configure:3690: $? = 0
configure:3700: result: yes
configure:3668: checking for strings.h
configure:3681: gcc -c -g -O2  conftest.c >&5
configure:3684: $? = 0
configure:3687: test -s conftest.o
configure:3690: $? = 0
configure:3700: result: yes
configure:3668: checking for inttypes.h
configure:3681: gcc -c -g -O2  conftest.c >&5
configure:3684: $? = 0
configure:3687: test -s conftest.o
configure:3690: $? = 0
configure:3700: result: yes
configure:3668: checking for stdint.h
configure:3681: gcc -c -g -O2  conftest.c >&5
configure:3684: $? = 0
configure:3687: test -s conftest.o
configure:3690: $? = 0
configure:3700: result: yes
configure:3668: checking for unistd.h
configure:3681: gcc -c -g -O2  conftest.c >&5
configure:3684: $? = 0
configure:3687: test -s conftest.o
configure:3690: $? = 0
configure:3700: result: yes
configure:3732: checking err.h usability
configure:3741: gcc -c -g -O2  conftest.c >&5
configure:3744: $? = 0
configure:3747: test -s conftest.o
configure:3750: $? = 0
configure:3759: result: yes
configure:3763: checking err.h presence
configure:3770: gcc -E  conftest.c
configure:3776: $? = 0
configure:3794: result: yes
configure:3812: checking for err.h
configure:3819: result: yes
configure:3732: checking fcntl.h usability
configure:3741: gcc -c -g -O2  conftest.c >&5
configure:3744: $? = 0
configure:3747: test -s conftest.o
configure:3750: $? = 0
configure:3759: result: yes
configure:3763: checking fcntl.h presence
configure:3770: gcc -E  conftest.c
configure:3776: $? = 0
configure:3794: result: yes
configure:3812: checking for fcntl.h
configure:3819: result: yes
configure:3732: checking sys/ioctl.h usability
configure:3741: gcc -c -g -O2  conftest.c >&5
configure:3744: $? = 0
configure:3747: test -s conftest.o
configure:3750: $? = 0
configure:3759: result: yes
configure:3763: checking sys/ioctl.h presence
configure:3770: gcc -E  conftest.c
configure:3776: $? = 0
configure:3794: result: yes
configure:3812: checking for sys/ioctl.h
configure:3819: result: yes
configure:3732: checking sys/queue.h usability
configure:3741: gcc -c -g -O2  conftest.c >&5
configure:3744: $? = 0
configure:3747: test -s conftest.o
configure:3750: $? = 0
configure:3759: result: yes
configure:3763: checking sys/queue.h presence
configure:3770: gcc -E  conftest.c
configure:3776: $? = 0
configure:3794: result: yes
configure:3812: checking for sys/queue.h
configure:3819: result: yes
configure:3723: checking for unistd.h
configure:3728: result: yes
configure:3732: checking libgen.h usability
configure:3741: gcc -c -g -O2  conftest.c >&5
configure:3744: $? = 0
configure:3747: test -s conftest.o
configure:3750: $? = 0
configure:3759: result: yes
configure:3763: checking libgen.h presence
configure:3770: gcc -E  conftest.c
configure:3776: $? = 0
configure:3794: result: yes
configure:3812: checking for libgen.h
configure:3819: result: yes
configure:3732: checking net/if_tun.h usability
configure:3741: gcc -c -g -O2  conftest.c >&5
configure:3769:24: error: net/if_tun.h: No such file or directory
configure:3744: $? = 1
configure: failed program was:
#line 3734 "configure"
#include "confdefs.h"
#include <stdio.h>
#if HAVE_SYS_TYPES_H
# include <sys/types.h>
#endif
#if HAVE_SYS_STAT_H
# include <sys/stat.h>
#endif
#if STDC_HEADERS
# include <stdlib.h>
# include <stddef.h>
#else
# if HAVE_STDLIB_H
#  include <stdlib.h>
# endif
#endif
#if HAVE_STRING_H
# if !STDC_HEADERS && HAVE_MEMORY_H
#  include <memory.h>
# endif
# include <string.h>
#endif
#if HAVE_STRINGS_H
# include <strings.h>
#endif
#if HAVE_INTTYPES_H
# include <inttypes.h>
#else
# if HAVE_STDINT_H
#  include <stdint.h>
# endif
#endif
#if HAVE_UNISTD_H
# include <unistd.h>
#endif
#include <net/if_tun.h>
configure:3759: result: no
configure:3763: checking net/if_tun.h presence
configure:3770: gcc -E  conftest.c
configure:3766:24: error: net/if_tun.h: No such file or directory
configure:3776: $? = 1
configure: failed program was:
#line 3765 "configure"
#include "confdefs.h"
#include <net/if_tun.h>
configure:3794: result: no
configure:3812: checking for net/if_tun.h
configure:3819: result: no
configure:3832: checking for MIN and MAX in sys/param.h
configure:3846: result: yes
configure:3859: checking for gcc option to accept ANSI C
configure:3922: gcc  -c -g -O2  conftest.c >&5
configure:3925: $? = 0
configure:3928: test -s conftest.o
configure:3931: $? = 0
configure:3948: result: none needed
configure:3956: checking for an ANSI C-conforming const
configure:4026: gcc -c -g -O2  conftest.c >&5
configure:4029: $? = 0
configure:4032: test -s conftest.o
configure:4035: $? = 0
configure:4045: result: yes
configure:4055: checking for size_t
configure:4082: gcc -c -g -O2  conftest.c >&5
configure:4085: $? = 0
configure:4088: test -s conftest.o
configure:4091: $? = 0
configure:4101: result: yes
configure:4113: checking whether struct tm is in sys/time.h or time.h
configure:4139: gcc -c -g -O2  conftest.c >&5
configure:4142: $? = 0
configure:4145: test -s conftest.o
configure:4148: $? = 0
configure:4158: result: time.h
configure:4170: checking for int
configure:4197: gcc -c -g -O2 -D_BSD_SOURCE  conftest.c >&5
configure:4200: $? = 0
configure:4203: test -s conftest.o
configure:4206: $? = 0
configure:4216: result: yes
configure:4219: checking size of int
configure:4497: gcc -o conftest -g -O2 -D_BSD_SOURCE   conftest.c  >&5
configure:4500: $? = 0
configure:4502: ./conftest
configure:4505: $? = 0
configure:4525: result: 4
configure:4532: checking for long
configure:4559: gcc -c -g -O2 -D_BSD_SOURCE  conftest.c >&5
configure:4562: $? = 0
configure:4565: test -s conftest.o
configure:4568: $? = 0
configure:4578: result: yes
configure:4581: checking size of long
configure:4859: gcc -o conftest -g -O2 -D_BSD_SOURCE   conftest.c  >&5
configure:4862: $? = 0
configure:4864: ./conftest
configure:4867: $? = 0
configure:4887: result: 8
configure:4894: checking for long long
configure:4921: gcc -c -g -O2 -D_BSD_SOURCE  conftest.c >&5
configure:4924: $? = 0
configure:4927: test -s conftest.o
configure:4930: $? = 0
configure:4940: result: yes
configure:4943: checking size of long long
configure:5221: gcc -o conftest -g -O2 -D_BSD_SOURCE   conftest.c  >&5
configure:5224: $? = 0
configure:5226: ./conftest
configure:5229: $? = 0
configure:5249: result: 8
configure:5257: checking for u_int32_t
configure:5284: gcc -c -g -O2 -D_BSD_SOURCE  conftest.c >&5
configure:5287: $? = 0
configure:5290: test -s conftest.o
configure:5293: $? = 0
configure:5303: result: yes
configure:5315: checking for in_addr_t
configure:5342: gcc -c -g -O2 -D_BSD_SOURCE  conftest.c >&5
configure: In function 'main':
configure:5364: error: 'in_addr_t' undeclared (first use in this function)
configure:5364: error: (Each undeclared identifier is reported only once
configure:5364: error: for each function it appears in.)
configure:5364: error: expected expression before ')' token
configure:5345: $? = 1
configure: failed program was:
#line 5320 "configure"
#include "confdefs.h"
#include <stdio.h>
#if HAVE_SYS_TYPES_H
# include <sys/types.h>
#endif
#if HAVE_SYS_STAT_H
# include <sys/stat.h>
#endif
#if STDC_HEADERS
# include <stdlib.h>
# include <stddef.h>
#else
# if HAVE_STDLIB_H
#  include <stdlib.h>
# endif
#endif
#if HAVE_STRING_H
# if !STDC_HEADERS && HAVE_MEMORY_H
#  include <memory.h>
# endif
# include <string.h>
#endif
#if HAVE_STRINGS_H
# include <strings.h>
#endif
#if HAVE_INTTYPES_H
# include <inttypes.h>
#else
# if HAVE_STDINT_H
#  include <stdint.h>
# endif
#endif
#if HAVE_UNISTD_H
# include <unistd.h>
#endif
#ifdef F77_DUMMY_MAIN
#  ifdef __cplusplus
     extern "C"
#  endif
   int F77_DUMMY_MAIN() { return 1; }
#endif
int
main ()
{
if ((in_addr_t *) 0)
  return 0;
if (sizeof (in_addr_t))
  return 0;
  ;
  return 0;
}
configure:5361: result: no
configure:5497: checking for u_int64_t
configure:5524: gcc -c -g -O2 -D_BSD_SOURCE  conftest.c >&5
configure:5527: $? = 0
configure:5530: test -s conftest.o
configure:5533: $? = 0
configure:5543: result: yes
configure:5622: checking whether gcc needs -traditional
configure:5658: result: no
configure:5665: checking for working memcmp
configure:5716: gcc -o conftest -g -O2 -D_BSD_SOURCE   conftest.c  >&5
configure: In function 'main':
configure:5688: warning: incompatible implicit declaration of built-in function 'exit'
configure:5701: warning: incompatible implicit declaration of built-in function 'strcpy'
configure:5719: $? = 0
configure:5721: ./conftest
configure:5724: $? = 0
configure:5737: result: yes
configure:5741: checking return type of signal handlers
configure:5775: gcc -c -g -O2 -D_BSD_SOURCE  conftest.c >&5
configure:5778: $? = 0
configure:5781: test -s conftest.o
configure:5784: $? = 0
configure:5794: result: void
configure:5806: checking for strftime
configure:5849: gcc -o conftest -g -O2 -D_BSD_SOURCE   conftest.c  >&5
configure:5821: warning: conflicting types for built-in function 'strftime'
configure:5852: $? = 0
configure:5855: test -s conftest
configure:5858: $? = 0
configure:5868: result: yes
configure:5950: checking for gethostname
configure:5993: gcc -o conftest -g -O2 -D_BSD_SOURCE   conftest.c  >&5
configure:5996: $? = 0
configure:5999: test -s conftest
configure:6002: $? = 0
configure:6012: result: yes
configure:5950: checking for socket
configure:5993: gcc -o conftest -g -O2 -D_BSD_SOURCE   conftest.c  >&5
configure:5996: $? = 0
configure:5999: test -s conftest
configure:6002: $? = 0
configure:6012: result: yes
configure:5950: checking for strdup
configure:5993: gcc -o conftest -g -O2 -D_BSD_SOURCE   conftest.c  >&5
configure:5965: warning: conflicting types for built-in function 'strdup'
configure:5996: $? = 0
configure:5999: test -s conftest
configure:6002: $? = 0
configure:6012: result: yes
configure:5950: checking for strstr
configure:5993: gcc -o conftest -g -O2 -D_BSD_SOURCE   conftest.c  >&5
configure:5965: warning: conflicting types for built-in function 'strstr'
configure:5996: $? = 0
configure:5999: test -s conftest
configure:6002: $? = 0
configure:6012: result: yes
configure:6023: checking for xdr_fhstatus in -lrpcsvc
configure:6056: gcc -o conftest -g -O2 -D_BSD_SOURCE   conftest.c -lrpcsvc   >&5
/usr/lib/gcc/x86_64-redhat-linux/4.4.7/../../../../lib64/librpcsvc.a(xmount.o): In function `xdr_exports':
/home/pchen/glibc-build-2.15/sunrpc/xmount.c:107: undefined reference to `xdr_pointer'
/usr/lib/gcc/x86_64-redhat-linux/4.4.7/../../../../lib64/librpcsvc.a(xmount.o): In function `xdr_groups':
/home/pchen/glibc-build-2.15/sunrpc/xmount.c:85: undefined reference to `xdr_pointer'
/usr/lib/gcc/x86_64-redhat-linux/4.4.7/../../../../lib64/librpcsvc.a(xmount.o): In function `xdr_mountlist':
/home/pchen/glibc-build-2.15/sunrpc/xmount.c:61: undefined reference to `xdr_pointer'
/usr/lib/gcc/x86_64-redhat-linux/4.4.7/../../../../lib64/librpcsvc.a(xmount.o): In function `xdr_name':
/home/pchen/glibc-build-2.15/sunrpc/xmount.c:51: undefined reference to `xdr_string'
/usr/lib/gcc/x86_64-redhat-linux/4.4.7/../../../../lib64/librpcsvc.a(xmount.o): In function `xdr_dirpath':
/home/pchen/glibc-build-2.15/sunrpc/xmount.c:41: undefined reference to `xdr_string'
/usr/lib/gcc/x86_64-redhat-linux/4.4.7/../../../../lib64/librpcsvc.a(xmount.o): In function `xdr_fhandle':
/home/pchen/glibc-build-2.15/sunrpc/xmount.c:13: undefined reference to `xdr_opaque'
/usr/lib/gcc/x86_64-redhat-linux/4.4.7/../../../../lib64/librpcsvc.a(xmount.o): In function `xdr_fhstatus':
/home/pchen/glibc-build-2.15/sunrpc/xmount.c:23: undefined reference to `xdr_u_int'
collect2: ld returned 1 exit status
configure:6059: $? = 1
configure: failed program was:
#line 6030 "configure"
#include "confdefs.h"

/* Override any gcc2 internal prototype to avoid an error.  */
#ifdef __cplusplus
extern "C"
#endif
/* We use char because int might match the return type of a gcc2
   builtin and then its argument prototype would still apply.  */
char xdr_fhstatus ();
#ifdef F77_DUMMY_MAIN
#  ifdef __cplusplus
     extern "C"
#  endif
   int F77_DUMMY_MAIN() { return 1; }
#endif
int
main ()
{
xdr_fhstatus ();
  ;
  return 0;
}
configure:6076: result: no
configure:6088: checking for socket in -lsocket
configure:6121: gcc -o conftest -g -O2 -D_BSD_SOURCE   conftest.c -lsocket   >&5
/usr/bin/ld: cannot find -lsocket
collect2: ld returned 1 exit status
configure:6124: $? = 1
configure: failed program was:
#line 6095 "configure"
#include "confdefs.h"

/* Override any gcc2 internal prototype to avoid an error.  */
#ifdef __cplusplus
extern "C"
#endif
/* We use char because int might match the return type of a gcc2
   builtin and then its argument prototype would still apply.  */
char socket ();
#ifdef F77_DUMMY_MAIN
#  ifdef __cplusplus
     extern "C"
#  endif
   int F77_DUMMY_MAIN() { return 1; }
#endif
int
main ()
{
socket ();
  ;
  return 0;
}
configure:6141: result: no
configure:6153: checking for gethostbyname in -lnsl
configure:6186: gcc -o conftest -g -O2 -D_BSD_SOURCE   conftest.c -lnsl   >&5
configure:6189: $? = 0
configure:6192: test -s conftest
configure:6195: $? = 0
configure:6206: result: yes
configure:6218: checking for dn_expand in -lresolv
configure:6251: gcc -o conftest -g -O2 -D_BSD_SOURCE   conftest.c -lresolv  -lnsl  >&5
/tmp/ccFqEg4D.o: In function `main':
/home/pchen/github/Github_CPP/install_package/dsniff-2.4b1-sined-2/configure:6243: undefined reference to `dn_expand'
collect2: ld returned 1 exit status
configure:6254: $? = 1
configure: failed program was:
#line 6225 "configure"
#include "confdefs.h"

/* Override any gcc2 internal prototype to avoid an error.  */
#ifdef __cplusplus
extern "C"
#endif
/* We use char because int might match the return type of a gcc2
   builtin and then its argument prototype would still apply.  */
char dn_expand ();
#ifdef F77_DUMMY_MAIN
#  ifdef __cplusplus
     extern "C"
#  endif
   int F77_DUMMY_MAIN() { return 1; }
#endif
int
main ()
{
dn_expand ();
  ;
  return 0;
}
configure:6271: result: no
configure:6289: checking for dirname
configure:6332: gcc -o conftest -g -O2 -D_BSD_SOURCE   conftest.c -lnsl  >&5
configure:6335: $? = 0
configure:6338: test -s conftest
configure:6341: $? = 0
configure:6351: result: yes
configure:6289: checking for strlcpy
configure:6332: gcc -o conftest -g -O2 -D_BSD_SOURCE   conftest.c -lnsl  >&5
/tmp/ccQd8EhJ.o: In function `main':
/home/pchen/github/Github_CPP/install_package/dsniff-2.4b1-sined-2/configure:6322: undefined reference to `strlcpy'
collect2: ld returned 1 exit status
configure:6335: $? = 1
configure: failed program was:
#line 6294 "configure"
#include "confdefs.h"
/* System header to define __stub macros and hopefully few prototypes,
    which can conflict with char strlcpy (); below.  */
#include <assert.h>
/* Override any gcc2 internal prototype to avoid an error.  */
#ifdef __cplusplus
extern "C"
#endif
/* We use char because int might match the return type of a gcc2
   builtin and then its argument prototype would still apply.  */
char strlcpy ();
char (*f) ();

#ifdef F77_DUMMY_MAIN
#  ifdef __cplusplus
     extern "C"
#  endif
   int F77_DUMMY_MAIN() { return 1; }
#endif
int
main ()
{
/* The GNU C library defines this for functions which it implements
    to always fail with ENOSYS.  Some functions are actually named
    something starting with __ and the normal name is an alias.  */
#if defined (__stub_strlcpy) || defined (__stub___strlcpy)
choke me
#else
f = strlcpy;
#endif

  ;
  return 0;
}
configure:6351: result: no
configure:6289: checking for strlcat
configure:6332: gcc -o conftest -g -O2 -D_BSD_SOURCE   conftest.c -lnsl  >&5
/tmp/cct6pj2I.o: In function `main':
/home/pchen/github/Github_CPP/install_package/dsniff-2.4b1-sined-2/configure:6322: undefined reference to `strlcat'
collect2: ld returned 1 exit status
configure:6335: $? = 1
configure: failed program was:
#line 6294 "configure"
#include "confdefs.h"
/* System header to define __stub macros and hopefully few prototypes,
    which can conflict with char strlcat (); below.  */
#include <assert.h>
/* Override any gcc2 internal prototype to avoid an error.  */
#ifdef __cplusplus
extern "C"
#endif
/* We use char because int might match the return type of a gcc2
   builtin and then its argument prototype would still apply.  */
char strlcat ();
char (*f) ();

#ifdef F77_DUMMY_MAIN
#  ifdef __cplusplus
     extern "C"
#  endif
   int F77_DUMMY_MAIN() { return 1; }
#endif
int
main ()
{
/* The GNU C library defines this for functions which it implements
    to always fail with ENOSYS.  Some functions are actually named
    something starting with __ and the normal name is an alias.  */
#if defined (__stub_strlcat) || defined (__stub___strlcat)
choke me
#else
f = strlcat;
#endif

  ;
  return 0;
}
configure:6351: result: no
configure:6289: checking for strsep
configure:6332: gcc -o conftest -g -O2 -D_BSD_SOURCE   conftest.c -lnsl  >&5
configure:6335: $? = 0
configure:6338: test -s conftest
configure:6341: $? = 0
configure:6351: result: yes
configure:6369: checking for MD5Update
configure:6412: gcc -o conftest -g -O2 -D_BSD_SOURCE   conftest.c -lnsl  >&5
/tmp/ccnfvXmP.o: In function `main':
/home/pchen/github/Github_CPP/install_package/dsniff-2.4b1-sined-2/configure:6402: undefined reference to `MD5Update'
collect2: ld returned 1 exit status
configure:6415: $? = 1
configure: failed program was:
#line 6374 "configure"
#include "confdefs.h"
/* System header to define __stub macros and hopefully few prototypes,
    which can conflict with char MD5Update (); below.  */
#include <assert.h>
/* Override any gcc2 internal prototype to avoid an error.  */
#ifdef __cplusplus
extern "C"
#endif
/* We use char because int might match the return type of a gcc2
   builtin and then its argument prototype would still apply.  */
char MD5Update ();
char (*f) ();

#ifdef F77_DUMMY_MAIN
#  ifdef __cplusplus
     extern "C"
#  endif
   int F77_DUMMY_MAIN() { return 1; }
#endif
int
main ()
{
/* The GNU C library defines this for functions which it implements
    to always fail with ENOSYS.  Some functions are actually named
    something starting with __ and the normal name is an alias.  */
#if defined (__stub_MD5Update) || defined (__stub___MD5Update)
choke me
#else
f = MD5Update;
#endif

  ;
  return 0;
}
configure:6431: result: no
configure:6451: checking for warnx
configure:6494: gcc -o conftest -g -O2 -D_BSD_SOURCE   conftest.c -lnsl  >&5
configure:6497: $? = 0
configure:6500: test -s conftest
configure:6503: $? = 0
configure:6513: result: yes
configure:6533: checking for ether_ntoa
configure:6576: gcc -o conftest -g -O2 -D_BSD_SOURCE   conftest.c -lnsl  >&5
configure:6579: $? = 0
configure:6582: test -s conftest
configure:6585: $? = 0
configure:6595: result: yes
configure:6617: checking for Berkeley DB with 1.85 compatibility
configure:6739: result: yes
configure:6746: checking for libpcap
configure:6795: result: yes
configure:6802: checking for libnet
configure:6862: result: yes
configure:6871: checking libnet version
configure:6892: gcc -c -g -O2 -D_BSD_SOURCE -DLIBNET_LIL_ENDIAN   conftest.c >&5
In file included from /usr/include/libnet.h:49,
                 from configure:6874:
/usr/include/netinet/in.h:141: error: two or more data types in declaration specifiers
/usr/include/netinet/in.h:141: error: two or more data types in declaration specifiers
configure: In function 'main':
configure:6884: error: 'LIBNET_PTAG_INITIALIZER' undeclared (first use in this function)
configure:6884: error: (Each undeclared identifier is reported only once
configure:6884: error: for each function it appears in.)
configure:6895: $? = 1
configure: failed program was:
#line 6873 "configure"
#include "confdefs.h"
#include <libnet.h>
#ifdef F77_DUMMY_MAIN
#  ifdef __cplusplus
     extern "C"
#  endif
   int F77_DUMMY_MAIN() { return 1; }
#endif
int
main ()
{
int c=LIBNET_PTAG_INITIALIZER
  ;
  return 0;
}
configure:6914: result: looks old
configure:6919: checking for libnids
configure:6963: result: yes
configure:6969: checking whether libnids version is good
configure:6979: result: yes
configure:6993: checking for OpenSSL
configure:7042: result: yes
configure:7131: creating ./config.status

## ---------------------- ##
## Running config.status. ##
## ---------------------- ##

This file was extended by config.status, which was
generated by GNU Autoconf 2.53.  Invocation command line was

  CONFIG_FILES    = 
  CONFIG_HEADERS  = 
  CONFIG_LINKS    = 
  CONFIG_COMMANDS = 
  $ ./config.status 

on sh-c-20.cortina-access.com

config.status:586: creating Makefile
config.status:690: creating config.h
config.status:846: config.h is unchanged

## ---------------- ##
## Cache variables. ##
## ---------------- ##

ac_cv_c_compiler_gnu=yes
ac_cv_c_const=yes
ac_cv_env_CC_set=
ac_cv_env_CC_value=
ac_cv_env_CFLAGS_set=
ac_cv_env_CFLAGS_value=
ac_cv_env_CPPFLAGS_set=
ac_cv_env_CPPFLAGS_value=
ac_cv_env_CPP_set=
ac_cv_env_CPP_value=
ac_cv_env_LDFLAGS_set=
ac_cv_env_LDFLAGS_value=
ac_cv_env_build_alias_set=
ac_cv_env_build_alias_value=
ac_cv_env_host_alias_set=
ac_cv_env_host_alias_value=
ac_cv_env_target_alias_set=
ac_cv_env_target_alias_value=
ac_cv_exeext=
ac_cv_func_MD5Update=no
ac_cv_func_connect=yes
ac_cv_func_dirname=yes
ac_cv_func_ether_ntoa=yes
ac_cv_func_gethostbyname=yes
ac_cv_func_gethostname=yes
ac_cv_func_memcmp_working=yes
ac_cv_func_remove=yes
ac_cv_func_shmat=yes
ac_cv_func_socket=yes
ac_cv_func_strdup=yes
ac_cv_func_strftime=yes
ac_cv_func_strlcat=no
ac_cv_func_strlcpy=no
ac_cv_func_strsep=yes
ac_cv_func_strstr=yes
ac_cv_func_warnx=yes
ac_cv_have_x='have_x=yes 		ac_x_includes= ac_x_libraries='
ac_cv_header_err_h=yes
ac_cv_header_fcntl_h=yes
ac_cv_header_inttypes_h=yes
ac_cv_header_libgen_h=yes
ac_cv_header_memory_h=yes
ac_cv_header_net_if_tun_h=no
ac_cv_header_stdc=yes
ac_cv_header_stdint_h=yes
ac_cv_header_stdlib_h=yes
ac_cv_header_string_h=yes
ac_cv_header_strings_h=yes
ac_cv_header_sys_ioctl_h=yes
ac_cv_header_sys_queue_h=yes
ac_cv_header_sys_stat_h=yes
ac_cv_header_sys_types_h=yes
ac_cv_header_unistd_h=yes
ac_cv_lib_ICE_IceConnectionNumber=yes
ac_cv_lib_nsl_gethostbyname=yes
ac_cv_lib_resolv_dn_expand=no
ac_cv_lib_rpcsvc_xdr_fhstatus=no
ac_cv_lib_socket_socket=no
ac_cv_objext=o
ac_cv_path_install='/usr/bin/install -c'
ac_cv_prog_CPP='gcc -E'
ac_cv_prog_ac_ct_CC=gcc
ac_cv_prog_ac_ct_RANLIB=ranlib
ac_cv_prog_cc_g=yes
ac_cv_prog_cc_stdc=
ac_cv_prog_gcc_traditional=no
ac_cv_sizeof_int=4
ac_cv_sizeof_long=8
ac_cv_sizeof_long_long=8
ac_cv_struct_tm=time.h
ac_cv_type_in_addr_t=no
ac_cv_type_int=yes
ac_cv_type_long=yes
ac_cv_type_long_long=yes
ac_cv_type_signal=void
ac_cv_type_size_t=yes
ac_cv_type_u_int32_t=yes
ac_cv_type_u_int64_t=yes

## ----------- ##
## confdefs.h. ##
## ----------- ##

#define PACKAGE_NAME ""
#define PACKAGE_TARNAME ""
#define PACKAGE_VERSION ""
#define PACKAGE_STRING ""
#define PACKAGE_BUGREPORT ""
#define STDC_HEADERS 1
#define HAVE_SYS_TYPES_H 1
#define HAVE_SYS_STAT_H 1
#define HAVE_STDLIB_H 1
#define HAVE_STRING_H 1
#define HAVE_MEMORY_H 1
#define HAVE_STRINGS_H 1
#define HAVE_INTTYPES_H 1
#define HAVE_STDINT_H 1
#define HAVE_UNISTD_H 1
#define HAVE_ERR_H 1
#define HAVE_FCNTL_H 1
#define HAVE_SYS_IOCTL_H 1
#define HAVE_SYS_QUEUE_H 1
#define HAVE_UNISTD_H 1
#define HAVE_LIBGEN_H 1
#define HAVE_MINMAX 1
#define SIZEOF_INT 4
#define SIZEOF_LONG 8
#define SIZEOF_LONG_LONG 8
#define in_addr_t unsigned int
#define RETSIGTYPE void
#define HAVE_STRFTIME 1
#define HAVE_GETHOSTNAME 1
#define HAVE_SOCKET 1
#define HAVE_STRDUP 1
#define HAVE_STRSTR 1
#define HAVE_LIBNSL 1
#define HAVE_DIRNAME 1
#define HAVE_STRSEP 1
#define HAVE_WARNX 1
#define HAVE_ETHER_NTOA 1
#define HAVE_DB_185_H 1

configure: exit 0
