This file contains any messages produced by compilers while
running configure, to aid debugging if configure makes a mistake.

It was created by configure, which was
generated by GNU Autoconf 2.53.  Invocation command line was

  $ ./configure 

## --------- ##
## Platform. ##
## --------- ##

hostname = sh-c-20.cortina-access.com
uname -m = x86_64
uname -r = 2.6.32-642.3.1.el6.x86_64
uname -s = Linux
uname -v = #1 SMP Tue Jul 12 18:30:56 UTC 2016

/usr/bin/uname -p = unknown
/bin/uname -X     = unknown

/bin/arch              = x86_64
/usr/bin/arch -k       = unknown
/usr/convex/getsysinfo = unknown
hostinfo               = unknown
/bin/machine           = unknown
/usr/bin/oslevel       = unknown
/bin/universe          = unknown

PATH: /usr/lib64/qt-3.3/bin
PATH: /usr/local/bin
PATH: /bin
PATH: /usr/bin
PATH: /usr/local/sbin
PATH: /usr/sbin
PATH: /sbin
PATH: /home/pchen/bin
PATH: /auto/project2/sw/toolchains/rlxlinux/bin
PATH: /auto/project2/sw/toolchains/gcc-linaro-4.9-2014.11-x86_64_aarch64-elf/bin
PATH: /auto/project2/sw/toolchains/rsdk-4.4.7-5281-EL-rtos-n2.1-m32ut-150702/bin
PATH: /home/pchen/HiKey-16.06/gcc-linaro-5.3-2016.02-x86_64_aarch64-linux-gnu/bin


## ----------- ##
## Core tests. ##
## ----------- ##

configure:1228: checking build system type
configure:1246: result: x86_64-unknown-linux-gnu
configure:1254: checking host system type
configure:1268: result: x86_64-unknown-linux-gnu
configure:1276: checking target system type
configure:1290: result: x86_64-unknown-linux-gnu
configure:1362: checking for gcc
configure:1378: found /usr/bin/gcc
configure:1388: result: gcc
configure:1632: checking for C compiler version
configure:1635: gcc --version </dev/null >&5
gcc (GCC) 4.4.7 20120313 (Red Hat 4.4.7-23)
Copyright (C) 2010 Free Software Foundation, Inc.
This is free software; see the source for copying conditions.  There is NO
warranty; not even for MERCHANTABILITY or FITNESS FOR A PARTICULAR PURPOSE.

configure:1638: $? = 0
configure:1640: gcc -v </dev/null >&5
Using built-in specs.
Target: x86_64-redhat-linux
Configured with: ../configure --prefix=/usr --mandir=/usr/share/man --infodir=/usr/share/info --with-bugurl=http://bugzilla.redhat.com/bugzilla --enable-bootstrap --enable-shared --enable-threads=posix --enable-checking=release --with-system-zlib --enable-__cxa_atexit --disable-libunwind-exceptions --enable-gnu-unique-object --enable-languages=c,c++,objc,obj-c++,java,fortran,ada --enable-java-awt=gtk --disable-dssi --with-java-home=/usr/lib/jvm/java-1.5.0-gcj-1.5.0.0/jre --enable-libgcj-multifile --enable-java-maintainer-mode --with-ecj-jar=/usr/share/java/eclipse-ecj.jar --disable-libjava-multilib --with-ppl --with-cloog --with-tune=generic --with-arch_32=i686 --build=x86_64-redhat-linux
Thread model: posix
gcc version 4.4.7 20120313 (Red Hat 4.4.7-23) (GCC) 
configure:1643: $? = 0
configure:1645: gcc -V </dev/null >&5
gcc: '-V' option must have argument
configure:1648: $? = 1
configure:1674: checking for C compiler default output
configure:1677: gcc    conftest.c  >&5
configure:1680: $? = 0
configure:1713: result: a.out
configure:1718: checking whether the C compiler works
configure:1724: ./a.out
configure:1727: $? = 0
configure:1742: result: yes
configure:1749: checking whether we are cross compiling
configure:1751: result: no
configure:1754: checking for suffix of executables
configure:1756: gcc -o conftest    conftest.c  >&5
configure:1759: $? = 0
configure:1781: result: 
configure:1787: checking for suffix of object files
configure:1811: gcc -c   conftest.c >&5
configure:1814: $? = 0
configure:1833: result: o
configure:1837: checking whether we are using the GNU C compiler
configure:1864: gcc -c   conftest.c >&5
configure:1867: $? = 0
configure:1870: test -s conftest.o
configure:1873: $? = 0
configure:1885: result: yes
configure:1891: checking whether gcc accepts -g
configure:1915: gcc -c -g  conftest.c >&5
configure:1918: $? = 0
configure:1921: test -s conftest.o
configure:1924: $? = 0
configure:1934: result: yes
configure:1961: gcc -c -g -O2  conftest.c >&5
conftest.c:2: error: expected '=', ',', ';', 'asm' or '__attribute__' before 'me'
configure:1964: $? = 1
configure: failed program was:
#ifndef __cplusplus
  choke me
#endif
configure:2115: checking for ranlib
configure:2131: found /usr/bin/ranlib
configure:2142: result: ranlib
configure:2166: checking for a BSD-compatible install
configure:2220: result: /usr/bin/install -c
configure:2238: checking how to run the C preprocessor
configure:2264: gcc -E  conftest.c
configure:2270: $? = 0
configure:2297: gcc -E  conftest.c
configure:2293:28: error: ac_nonexistent.h: No such file or directory
configure:2303: $? = 1
configure: failed program was:
#line 2292 "configure"
#include "confdefs.h"
#include <ac_nonexistent.h>
configure:2340: result: gcc -E
configure:2355: gcc -E  conftest.c
configure:2361: $? = 0
configure:2388: gcc -E  conftest.c
configure:2384:28: error: ac_nonexistent.h: No such file or directory
configure:2394: $? = 1
configure: failed program was:
#line 2383 "configure"
#include "confdefs.h"
#include <ac_nonexistent.h>
configure:2434: checking for ANSI C header files
configure:2448: gcc -E  conftest.c
configure:2454: $? = 0
configure:2541: gcc -o conftest -g -O2   conftest.c  >&5
configure: In function 'main':
configure:2532: warning: incompatible implicit declaration of built-in function 'exit'
configure:2544: $? = 0
configure:2546: ./conftest
configure:2549: $? = 0
configure:2563: result: yes
configure:2587: checking for sys/types.h
configure:2600: gcc -c -g -O2  conftest.c >&5
configure:2603: $? = 0
configure:2606: test -s conftest.o
configure:2609: $? = 0
configure:2619: result: yes
configure:2587: checking for sys/stat.h
configure:2600: gcc -c -g -O2  conftest.c >&5
configure:2603: $? = 0
configure:2606: test -s conftest.o
configure:2609: $? = 0
configure:2619: result: yes
configure:2587: checking for stdlib.h
configure:2600: gcc -c -g -O2  conftest.c >&5
configure:2603: $? = 0
configure:2606: test -s conftest.o
configure:2609: $? = 0
configure:2619: result: yes
configure:2587: checking for string.h
configure:2600: gcc -c -g -O2  conftest.c >&5
configure:2603: $? = 0
configure:2606: test -s conftest.o
configure:2609: $? = 0
configure:2619: result: yes
configure:2587: checking for memory.h
configure:2600: gcc -c -g -O2  conftest.c >&5
configure:2603: $? = 0
configure:2606: test -s conftest.o
configure:2609: $? = 0
configure:2619: result: yes
configure:2587: checking for strings.h
configure:2600: gcc -c -g -O2  conftest.c >&5
configure:2603: $? = 0
configure:2606: test -s conftest.o
configure:2609: $? = 0
configure:2619: result: yes
configure:2587: checking for inttypes.h
configure:2600: gcc -c -g -O2  conftest.c >&5
configure:2603: $? = 0
configure:2606: test -s conftest.o
configure:2609: $? = 0
configure:2619: result: yes
configure:2587: checking for stdint.h
configure:2600: gcc -c -g -O2  conftest.c >&5
configure:2603: $? = 0
configure:2606: test -s conftest.o
configure:2609: $? = 0
configure:2619: result: yes
configure:2587: checking for unistd.h
configure:2600: gcc -c -g -O2  conftest.c >&5
configure:2603: $? = 0
configure:2606: test -s conftest.o
configure:2609: $? = 0
configure:2619: result: yes
configure:2647: checking sys/time.h usability
configure:2656: gcc -c -g -O2  conftest.c >&5
configure:2659: $? = 0
configure:2662: test -s conftest.o
configure:2665: $? = 0
configure:2674: result: yes
configure:2678: checking sys/time.h presence
configure:2685: gcc -E  conftest.c
configure:2691: $? = 0
configure:2709: result: yes
configure:2727: checking for sys/time.h
configure:2734: result: yes
configure:2647: checking syslog.h usability
configure:2656: gcc -c -g -O2  conftest.c >&5
configure:2659: $? = 0
configure:2662: test -s conftest.o
configure:2665: $? = 0
configure:2674: result: yes
configure:2678: checking syslog.h presence
configure:2685: gcc -E  conftest.c
configure:2691: $? = 0
configure:2709: result: yes
configure:2727: checking for syslog.h
configure:2734: result: yes
configure:2638: checking for unistd.h
configure:2643: result: yes
configure:2748: checking for gcc option to accept ANSI C
configure:2811: gcc  -c -g -O2  conftest.c >&5
configure:2814: $? = 0
configure:2817: test -s conftest.o
configure:2820: $? = 0
configure:2837: result: none needed
configure:2845: checking for an ANSI C-conforming const
configure:2915: gcc -c -g -O2  conftest.c >&5
configure:2918: $? = 0
configure:2921: test -s conftest.o
configure:2924: $? = 0
configure:2934: result: yes
configure:2944: checking for inline
configure:2961: gcc -c -g -O2  conftest.c >&5
configure:2964: $? = 0
configure:2967: test -s conftest.o
configure:2970: $? = 0
configure:2981: result: inline
configure:2996: checking whether time.h and sys/time.h may both be included
configure:3024: gcc -c -g -O2  conftest.c >&5
configure:3027: $? = 0
configure:3030: test -s conftest.o
configure:3033: $? = 0
configure:3043: result: yes
configure:3053: checking whether byte ordering is bigendian
configure:3083: gcc -c -g -O2  conftest.c >&5
configure:3086: $? = 0
configure:3089: test -s conftest.o
configure:3092: $? = 0
configure:3119: gcc -c -g -O2  conftest.c >&5
configure: In function 'main':
configure:3109: error: 'not' undeclared (first use in this function)
configure:3109: error: (Each undeclared identifier is reported only once
configure:3109: error: for each function it appears in.)
configure:3109: error: expected ';' before 'big'
configure:3122: $? = 1
configure: failed program was:
#line 3095 "configure"
#include "confdefs.h"
#include <sys/types.h>
#include <sys/param.h>

#ifdef F77_DUMMY_MAIN
#  ifdef __cplusplus
     extern "C"
#  endif
   int F77_DUMMY_MAIN() { return 1; }
#endif
int
main ()
{
#if BYTE_ORDER != BIG_ENDIAN
 not big endian
#endif

  ;
  return 0;
}
configure:3236: result: no
configure:3261: checking for gettimeofday
configure:3304: gcc -o conftest -g -O2 -D_BSD_SOURCE   conftest.c  >&5
configure:3307: $? = 0
configure:3310: test -s conftest
configure:3313: $? = 0
configure:3323: result: yes
configure:3334: checking for socket in -lsocket
configure:3367: gcc -o conftest -g -O2 -D_BSD_SOURCE   conftest.c -lsocket   >&5
/usr/bin/ld: cannot find -lsocket
collect2: ld returned 1 exit status
configure:3370: $? = 1
configure: failed program was:
#line 3341 "configure"
#include "confdefs.h"

/* Override any gcc2 internal prototype to avoid an error.  */
#ifdef __cplusplus
extern "C"
#endif
/* We use char because int might match the return type of a gcc2
   builtin and then its argument prototype would still apply.  */
char socket ();
#ifdef F77_DUMMY_MAIN
#  ifdef __cplusplus
     extern "C"
#  endif
   int F77_DUMMY_MAIN() { return 1; }
#endif
int
main ()
{
socket ();
  ;
  return 0;
}
configure:3387: result: no
configure:3399: checking for gethostbyname in -lnsl
configure:3432: gcc -o conftest -g -O2 -D_BSD_SOURCE   conftest.c -lnsl   >&5
configure:3435: $? = 0
configure:3438: test -s conftest
configure:3441: $? = 0
configure:3452: result: yes
configure:3480: checking for libpcap
configure:3562: result: yes
configure:3569: checking for libnet
configure:3666: gcc -o conftest -g -O2 -D_BSD_SOURCE -I/usr/local/include -D_BSD_SOURCE -D__BSD_SOURCE -D__FAVOR_BSD -DHAVE_NET_ETHERNET_H   conftest.c -L/usr/local/lib -lnet -lnsl  >&5
configure:3669: $? = 0
configure:3672: test -s conftest
configure:3675: $? = 0
configure:3688: result: yes
configure:3702: checking whether to build shared library
configure:3724: result: no
configure:3730: checking the name of struct icmp
configure:3754: gcc -c -g -O2 -D_BSD_SOURCE  conftest.c >&5
configure:3757: $? = 0
configure:3760: test -s conftest.o
configure:3763: $? = 0
configure:3774: result: struct icmphdr
configure:3778: checking if tcp states are defined
configure:3801: gcc -c -g -O2 -D_BSD_SOURCE  conftest.c >&5
configure:3804: $? = 0
configure:3807: test -s conftest.o
configure:3810: $? = 0
configure:3821: result: yes
configure:3826: checking for bsd-ish struct udphdr
configure:3849: gcc -c -g -O2 -D_BSD_SOURCE  conftest.c >&5
configure:3852: $? = 0
configure:3855: test -s conftest.o
configure:3858: $? = 0
configure:3869: result: yes
configure:3876: checking libnet version
configure:3897: gcc -c -g -O2 -D_BSD_SOURCE -I/usr/local/include -D_BSD_SOURCE -D__BSD_SOURCE -D__FAVOR_BSD -DHAVE_NET_ETHERNET_H  conftest.c >&5
configure:3900: $? = 0
configure:3903: test -s conftest.o
configure:3906: $? = 0
configure:3917: result: looks new
configure:4004: creating ./config.status

## ---------------------- ##
## Running config.status. ##
## ---------------------- ##

This file was extended by config.status, which was
generated by GNU Autoconf 2.53.  Invocation command line was

  CONFIG_FILES    = 
  CONFIG_HEADERS  = 
  CONFIG_LINKS    = 
  CONFIG_COMMANDS = 
  $ ./config.status 

on sh-c-20.cortina-access.com

config.status:591: creating Makefile
config.status:591: creating src/Makefile
config.status:591: creating samples/Makefile
config.status:695: creating src/config.h

## ---------------- ##
## Cache variables. ##
## ---------------- ##

ac_cv_build=x86_64-unknown-linux-gnu
ac_cv_build_alias=x86_64-unknown-linux-gnu
ac_cv_c_bigendian=no
ac_cv_c_compiler_gnu=yes
ac_cv_c_const=yes
ac_cv_c_inline=inline
ac_cv_env_CC_set=
ac_cv_env_CC_value=
ac_cv_env_CFLAGS_set=
ac_cv_env_CFLAGS_value=
ac_cv_env_CPPFLAGS_set=
ac_cv_env_CPPFLAGS_value=
ac_cv_env_CPP_set=
ac_cv_env_CPP_value=
ac_cv_env_LDFLAGS_set=
ac_cv_env_LDFLAGS_value=
ac_cv_env_build_alias_set=
ac_cv_env_build_alias_value=
ac_cv_env_host_alias_set=
ac_cv_env_host_alias_value=
ac_cv_env_target_alias_set=
ac_cv_env_target_alias_value=
ac_cv_exeext=
ac_cv_func_gettimeofday=yes
ac_cv_header_inttypes_h=yes
ac_cv_header_memory_h=yes
ac_cv_header_stdc=yes
ac_cv_header_stdint_h=yes
ac_cv_header_stdlib_h=yes
ac_cv_header_string_h=yes
ac_cv_header_strings_h=yes
ac_cv_header_sys_stat_h=yes
ac_cv_header_sys_time_h=yes
ac_cv_header_sys_types_h=yes
ac_cv_header_syslog_h=yes
ac_cv_header_time=yes
ac_cv_header_unistd_h=yes
ac_cv_host=x86_64-unknown-linux-gnu
ac_cv_host_alias=x86_64-unknown-linux-gnu
ac_cv_lbl_unaligned_fail=no
ac_cv_lib_nsl_gethostbyname=yes
ac_cv_lib_socket_socket=no
ac_cv_objext=o
ac_cv_path_install='/usr/bin/install -c'
ac_cv_prog_CPP='gcc -E'
ac_cv_prog_ac_ct_CC=gcc
ac_cv_prog_ac_ct_RANLIB=ranlib
ac_cv_prog_cc_g=yes
ac_cv_prog_cc_stdc=
ac_cv_target=x86_64-unknown-linux-gnu
ac_cv_target_alias=x86_64-unknown-linux-gnu

## ----------- ##
## confdefs.h. ##
## ----------- ##

#define PACKAGE_NAME ""
#define PACKAGE_TARNAME ""
#define PACKAGE_VERSION ""
#define PACKAGE_STRING ""
#define PACKAGE_BUGREPORT ""
#define STDC_HEADERS 1
#define HAVE_SYS_TYPES_H 1
#define HAVE_SYS_STAT_H 1
#define HAVE_STDLIB_H 1
#define HAVE_STRING_H 1
#define HAVE_MEMORY_H 1
#define HAVE_STRINGS_H 1
#define HAVE_INTTYPES_H 1
#define HAVE_STDINT_H 1
#define HAVE_UNISTD_H 1
#define HAVE_SYS_TIME_H 1
#define HAVE_SYSLOG_H 1
#define HAVE_UNISTD_H 1
#define TIME_WITH_SYS_TIME 1
#define HAVE_GETTIMEOFDAY 1
#define HAVE_LIBNSL 1

configure: exit 0
